 878 204 31 3068 133 2137
 28611 132 30042

 204
 258
 466
 192
 193
 1001
 11331
 19125
 9856 1079
 23090 1079
 9856 2889
 23090 2889
 23090 2889 12
 9856 23 1079 12
 23090 23 1079 12
 414 304 3346 111 231 25 29247
 98 55866 204 34 16682 7149 36190 6869 11481
 150 133 6207 151 215 150 134 5052 133 6279 5052 223 151 216 49679 123 53110 47043 7795
 38154 206 38154 126 38154 225 167 237 217 38154 221 167 237 208 38154 228 38154 127 38154 237 167 237 207 38154 237 38154 107 38154 126 38154 211 38154 207 38154 233 38154 211 167 237 207 38154 215
 2571 232 206 204 19 11003 20 8196 126 283 219 48778 116 13392 204 19 51831 732 63209 1741 7955 522 20 22438 211 204 19 7927 53360 325 504 701 946 10930 20
 9856
 23090
 204 23090
 258 23090
 466 23090
 466 23090 742 23090
 204 19
 1212 40
 18 4932
 9856 23 291 18 436 12 1265 362 299 8196 207 204 42 50087 123 2727 20300 32022 133 234 17419 30137 28 7858 181 133 236
 51520
 30
 3138
 22287
 22287 30
 22287 3138
 22287 22287
 22287 22287 30
 22287 22287 3138
 22287 22287 22287
 46 19768 239 76 9634 19768 213 95
 1080 1502
 1212 4824 1001 1212 192 204 663 49453 2069 742 561 1501 193 2571 232 206 204 19 11003 20 8196 126 283 219 48778 116 13392 204 19 51831 732 63209 1741 7955 522 20 22438 211 3346 111 231 2571 111 231 204 30 204 3138 204 22287 204 22287 30 204 22287 3138 204 22287 22287 204 22287 22287 30 204 22287 22287 3138 204 30 25 30 204 30 513 30 204 30 951 30 27171 236 206 38154 126 38154 225 167 237 217 38154 221 167 237 208 38154 228 38154 127 38154 237 167 237 207 38154 237 38154 107 38154 126 38154 211 20589 207 204 42 50087 123 2727 20300 32022 133 234 17419 30137 28 7858 181 133 236 204 37057 2228 10666 5052 133 6207 151 215 150 134 5052 133 6279 5052 223 151 216 49679 123 53110 47043 7795 204 7544 7544 7544 8543 8543 17593 3513 3513 12844 51520 17664 4247 295 18 298 650 204 18 95 693 332 18 94 629 23 204 18 1553 299 1310 42 204 18 56 416 1310 295 18 567 717 334 23 204 18 47 299 606 596 6696 42 703 18 16139 241 18 87 55
