 2014 1032 1052 1032 28504 6972
 1070 7088 1258

 1032
 1256
 1293
 1009
 1010
 1267
 4688
 1009 1010
 22177 4304
 45383 4304
 22177 5325
 45383 5325
 45383 5325 1033
 22177 1044 4304 1033
 45383 1044 4304 1033
 1593 1395 119685 1166 1153 1046 51228
 1119 1048 1052 1056 1032 1055 17391 23216 30203 7785 17279
 3337 30757 1902 4200 63073 3671
 1225 1158 1128 1225 1158 1182 1225 1158 1147 1225 1159 1139 1225 1158 1143 1225 1159 1130 1225 1158 1150 1225 1158 1183 1225 1158 1159 1225 21359 1225 1158 1159 1225 1158 1162 1225 1158 1182 1225 1158 1133 1225 1158 1129 1225 1158 1155 1225 1158 1133 1225 21359 1225 1158 1137
 1240 1159 1154 1128 1319 13052 1041 119685 1152 1182 29568 1240 1159 1140 1171 1239 1184 1143 1319 88181 1873 3659 1275 56421 1621 1041 126241 1133 1319 11234 1873 26303 1455 1934 2246 3754 10835 1041
 22177
 45383
 1032 45383
 1256 45383
 1293 45383
 1293 45383 1010 1293 45383
 1319
 1010 1376
 1039 4033
 22177 1044 1404 48054 1033 3075 1584 1636 119685 1152 1129 3082 26060 2998 63614 82278 1049 1051 1049 1052 1049 1053 1049 6434 6749
 7290 7290 7290
 1051
 1051 1051
 1051 1051 1051
 1051 1051 1051 1051
 1051 1051 1051 1051 1051
 1051 1051 1051 1051 1051 1051
 1051 1051 1051 1051 1051 1051 1051
 1051 1051 1051 1051 1051 1051 1051 1051
 1051 1051 1051 1051 1051 1051 1051 1051 1051
 1067 59503 28783
 3724 4058
 1010 1032 1267 1032 4688 1032 17152 1458 29356 1010 1256 1010 1293 1010 1260 1010 1652 1010 1240 1159 1154 1128 1319 13052 1041 119685 1152 1182 29568 1240 1159 1140 1171 1239 1184 1143 1319 88181 1873 3659 1275 56421 1621 1041 126241 1133 119685 1166 1153 1240 1159 1166 1153 1032 1051 1032 1051 1051 1032 1051 1051 1051 1032 1051 1051 1051 1051 1032 1051 1051 1051 1051 1051 1032 1051 1051 1051 1051 1051 1051 1032 1051 1051 1051 1051 1051 1051 1051 1032 1051 1051 1051 1051 1051 1051 1051 1051 1032 1051 1046 1051 1032 1051 1791 1051 1032 1051 2880 1051 71881 1158 1128 1225 1158 1182 1225 1158 1147 1225 1159 1139 1225 1158 1143 1225 1159 1130 1225 1158 1150 1225 1158 1183 1225 1158 1159 1225 21359 1225 1158 1159 1225 1158 1162 1225 1158 1182 1225 1158 1133 1240 1159 1152 1129 3082 26060 2998 63614 82278 1049 1051 1049 1052 1049 1053 1049 6434 6749 45577 1045 6626 43555 2843 30757 1902 4200 63073 3671 14931 20040 20040 1657 1657 1975 14135 14135 83923 7290 7290 7290 45509 45509 45509 1362 6483 2151 1576 1116 2189 1514 1681 2156 1044 1576 3609 1636 5257 1063 1576 1077 1605 5257 1362 7534 3180 1494 1044 1576 1068 1636 2479 2269 26883 1063 2837 1039 45654 1261 54297 1076
