 29464 2094 1018 1092 2706
 11865 17875









 7592 2088
 7592 2088
 7592 2088
 7592 2088
 7592 2088 999
 7592 1010 2088 999
 7592 1010 2088 999
 2023 2003 100 1012 18133 2361
 1059 2692 18139 1021 8525 28418 2243 16233 20952 6979
 1192 15290 29754 14150 1192 10260 1181 29755 29436 29741 10260 16856 29747 23925 10325
 100
 100 1006 3671 1007 100 1006 3674 7861 29147 2483 9530 16280 23854 1007 100 1006 2069 7861 29147 2072 2008 2038 2049 2219 19204 1007
 7592
 7592
 7592
 7592
 7592
 7592 7592
 1006
 1027
 1005 3690
 7592 1010 1061 1005 2035 999 2129 2024 2017 100 1029 1855 100 100 6207 100 100 14677 23632 22203 1811 1995
 999 999 999 999 999 999
 1017
 3943
 21211
 21211 2509
 21211 22394
 21211 22394 2509
 21211 22394 22394
 21211 22394 22394 2509
 21211 22394 22394 22394
 12731 2050 19710
 5860 18117
 100 1006 3671 1007 100 1006 3674 7861 29147 2483 9530 16280 23854 1007 100 100 1017 3943 21211 21211 2509 21211 22394 21211 22394 2509 21211 22394 22394 21211 22394 22394 2509 1017 1012 1017 1017 1012 1012 1017 1017 1012 1012 1012 1017 100 1029 1855 100 100 6207 100 100 14677 23632 22203 1811 1995 1011 1011 1011 1011 1011 1011 1027 1027 1027 1027 1027 1027 1027 1192 15290 29754 14150 1192 10260 1181 29755 29436 29741 10260 16856 29747 23925 10325 1005 1005 1005 1005 1005 1005 1036 1036 1036 1036 1036 1036 1036 1000 1000 1000 1000 1012 1012 1012 1012 1012 1012 999 999 999 999 999 999 1029 1029 1029 1029 1029 1029 1045 1005 2310 2042 1005 2409 2002 1005 1055 2045 1010 1005 2128 2017 2469 1029 1005 1049 2025 2469 1045 1005 2222 2191 2009 1010 1005 1040 2017 2066 2070 5572 1029 2057 1005 2310 1037 1005 2222
