 2550 204 18430 377
 597 2768 298 8564

 1437
 1437 1437
 1437 1437 1437
 50117
 50118
 50140
 50140 50118
 50117 50118
 31414 232
 20920 232
 31414 623
 20920 623
 20920 623 328
 31414 6 232 328
 20920 6 232 328
 42 16 8103 18164 27 4 49317
 605 40976 262 10109 18474 385 29 36807 6455
 36765 25482 22063 23171 34251 18697 10809 26161 18697 3602 22063 27969 40966 25417 15264 26161 24269 36709 41171 35328
 1376 17772 7471 1376 17772 19002 1376 17772 9085 1376 4333 13859 1376 17772 9357 1376 4333 9264 1376 17772 25448 1376 17772 18400 1376 17772 4333 1376 4333 10172 1376 17772 4333 1376 17772 7258 1376 17772 19002 1376 17772 5782 1376 17772 10172 1376 17772 3726 1376 17772 5782 1376 4333 10172 1376 17772 23171
 6569 15113 7471 36 21113 43 17841 19002 17 8384 6569 14285 4958 12605 36 34654 2841 4203 354 10146 26511 1070 43 36174 5782 36 8338 21554 14 34 63 308 19233 43
 31414
 20920
 1437 20920
 1437 1437 20920
 1437 1437 1437 20920
 1437 1437 1437 20920 50118 1437 1437 1437 20920
 36
 50118 5457
 108 3567
 31414 6 1423 108 1250 328 1336 32 47 17841 10172 17487 47876 3602 48617 15264 46537 11423 27326 48494 8210 49233 1558 1570 27761 49429 43251 10809 17772
 32376 12846
 246
 3103
 25631
 46152
 3103 25631
 46152 3103
 46152 25631
 46152 46152
 46152 3103 25631
 347 1376 2023 12410 102 16376 1376 2023 6382 90
 9553 5954
 50118 1437 50140 1437 50140 50118 1437 50117 1437 50117 50117 1437 50117 50118 1437 1437 50118 1437 1437 1437 50118 1437 1437 1437 1437 50118 1437 1437 1437 1437 1437 50118 6569 15113 7471 36 21113 43 17841 19002 17 8384 6569 14285 4958 12605 36 34654 2841 4203 354 10146 26511 1070 43 36174 5782 8103 18164 27 6569 18164 27 155 2357 30242 155 25631 30242 3103 30242 25631 30242 46152 30242 3103 25631 155 4 246 155 7586 246 155 734 246 25974 17772 7471 1376 17772 19002 1376 17772 9085 1376 4333 13859 1376 17772 9357 1376 4333 9264 1376 17772 25448 1376 17772 18400 1376 17772 4333 1376 4333 10172 1376 17772 4333 1376 17772 7258 1376 17772 19002 1376 17772 5782 18636 10172 17487 47876 3602 48617 15264 46537 11423 27326 48494 8210 49233 1558 1570 27761 49429 43251 10809 17772 36738 48332 47463 18697 10809 25482 22063 23171 34251 18697 10809 26161 18697 3602 22063 27969 40966 25417 15264 26161 24269 36709 41171 35328 128 49690 108 49972 49519 12905 48149 48149 43796 32376 12846 27282 28749 38 348 57 128 41042 37 18 89 6 128 4629 47 686 116 128 448 45 686 38 581 146 24 6 128 495 47 101 103 6845 116 166 108 30660 10 108 462 574
